  Main.cpp
c:\graphicsproject\game.h(179): warning C4244: 'argument': conversion from 'unsigned int' to 'float', possible loss of data
c:\graphicsproject\game.h(180): warning C4244: 'argument': conversion from 'unsigned int' to 'float', possible loss of data
  Game.cpp
c:\graphicsproject\game.h(179): warning C4244: 'argument': conversion from 'unsigned int' to 'float', possible loss of data
c:\graphicsproject\game.h(180): warning C4244: 'argument': conversion from 'unsigned int' to 'float', possible loss of data
c:\graphicsproject\game.cpp(8): warning C4005: 'max': macro redefinition
  c:\program files (x86)\windows kits\8.1\include\shared\minwindef.h(193): note: see previous definition of 'max'
c:\graphicsproject\game.cpp(9): warning C4005: 'min': macro redefinition
  c:\program files (x86)\windows kits\8.1\include\shared\minwindef.h(197): note: see previous definition of 'min'
c:\graphicsproject\game.cpp(409): warning C4305: 'argument': truncation from 'double' to 'float'
c:\graphicsproject\game.cpp(410): warning C4305: 'argument': truncation from 'double' to 'float'
c:\graphicsproject\game.cpp(411): warning C4305: 'argument': truncation from 'double' to 'float'
c:\graphicsproject\game.cpp(412): warning C4305: 'argument': truncation from 'double' to 'float'
c:\graphicsproject\game.cpp(413): warning C4305: 'argument': truncation from 'double' to 'float'
c:\graphicsproject\game.cpp(710): warning C4244: '=': conversion from 'double' to 'float', possible loss of data
c:\graphicsproject\game.cpp(714): warning C4244: '=': conversion from 'double' to 'float', possible loss of data
c:\graphicsproject\game.cpp(718): warning C4244: '=': conversion from 'double' to 'float', possible loss of data
c:\graphicsproject\game.cpp(722): warning C4244: '=': conversion from 'double' to 'float', possible loss of data
c:\graphicsproject\game.cpp(726): warning C4244: '=': conversion from 'double' to 'float', possible loss of data
c:\graphicsproject\game.cpp(733): warning C4244: 'initializing': conversion from 'int' to 'float', possible loss of data
c:\graphicsproject\game.cpp(758): warning C4244: 'argument': conversion from 'double' to 'float', possible loss of data
c:\graphicsproject\game.cpp(759): warning C4244: 'argument': conversion from 'double' to 'float', possible loss of data
c:\graphicsproject\game.cpp(760): warning C4244: 'argument': conversion from 'double' to 'float', possible loss of data
c:\graphicsproject\game.cpp(761): warning C4244: 'argument': conversion from 'double' to 'float', possible loss of data
c:\graphicsproject\game.cpp(762): warning C4244: 'argument': conversion from 'double' to 'float', possible loss of data
c:\graphicsproject\game.cpp(932): warning C4244: '=': conversion from 'double' to 'float', possible loss of data
c:\graphicsproject\game.cpp(965): warning C4244: 'argument': conversion from 'unsigned int' to 'float', possible loss of data
c:\graphicsproject\game.cpp(966): warning C4244: 'argument': conversion from 'unsigned int' to 'float', possible loss of data
  Generating Code...
  GraphicsProject.vcxproj -> C:\GraphicsProject\Debug\GraphicsProject.exe
